2021-03-16 09:21:52.777 [main] INFO  com.demo.parking_access.ParkingAccessApplication - Starting ParkingAccessApplication on DESKTOP-4IL9A7A with PID 7280 (F:\parking_access\target\classes started by Yang in F:\parking_access)
2021-03-16 09:21:52.781 [main] INFO  com.demo.parking_access.ParkingAccessApplication - No active profile set, falling back to default profiles: default
2021-03-16 09:21:53.629 [main] INFO  o.s.d.r.config.RepositoryConfigurationDelegate - Multiple Spring Data modules found, entering strict repository configuration mode!
2021-03-16 09:21:53.632 [main] INFO  o.s.d.r.config.RepositoryConfigurationDelegate - Bootstrapping Spring Data Redis repositories in DEFAULT mode.
2021-03-16 09:21:53.671 [main] INFO  o.s.d.r.config.RepositoryConfigurationDelegate - Finished Spring Data repository scanning in 11ms. Found 0 Redis repository interfaces.
2021-03-16 09:21:54.332 [main] INFO  o.s.boot.web.embedded.tomcat.TomcatWebServer - Tomcat initialized with port(s): 8080 (http)
2021-03-16 09:21:54.343 [main] INFO  org.apache.coyote.http11.Http11NioProtocol - Initializing ProtocolHandler ["http-nio-8080"]
2021-03-16 09:21:54.344 [main] INFO  org.apache.catalina.core.StandardService - Starting service [Tomcat]
2021-03-16 09:21:54.344 [main] INFO  org.apache.catalina.core.StandardEngine - Starting Servlet engine: [Apache Tomcat/9.0.31]
2021-03-16 09:21:54.507 [main] INFO  o.a.c.core.ContainerBase.[Tomcat].[localhost].[/] - Initializing Spring embedded WebApplicationContext
2021-03-16 09:21:54.507 [main] INFO  org.springframework.web.context.ContextLoader - Root WebApplicationContext: initialization completed in 1680 ms
2021-03-16 09:21:55.425 [main] INFO  o.s.scheduling.concurrent.ThreadPoolTaskExecutor - Initializing ExecutorService 'applicationTaskExecutor'
2021-03-16 09:21:55.545 [main] WARN  o.s.b.a.t.ThymeleafAutoConfiguration$DefaultTemplateResolverConfiguration - Cannot find template location: classpath:/templates/ (please add some templates or check your Thymeleaf configuration)
2021-03-16 09:21:55.981 [main] INFO  org.quartz.impl.StdSchedulerFactory - Using default implementation for ThreadExecutor
2021-03-16 09:21:55.996 [main] INFO  org.quartz.core.SchedulerSignalerImpl - Initialized Scheduler Signaller of type: class org.quartz.core.SchedulerSignalerImpl
2021-03-16 09:21:55.996 [main] INFO  org.quartz.core.QuartzScheduler - Quartz Scheduler v.2.3.2 created.
2021-03-16 09:21:55.996 [main] INFO  org.quartz.simpl.RAMJobStore - RAMJobStore initialized.
2021-03-16 09:21:55.997 [main] INFO  org.quartz.core.QuartzScheduler - Scheduler meta-data: Quartz Scheduler (v2.3.2) 'quartzScheduler' with instanceId 'NON_CLUSTERED'
  Scheduler class: 'org.quartz.core.QuartzScheduler' - running locally.
  NOT STARTED.
  Currently in standby mode.
  Number of jobs executed: 0
  Using thread pool 'org.quartz.simpl.SimpleThreadPool' - with 10 threads.
  Using job-store 'org.quartz.simpl.RAMJobStore' - which does not support persistence. and is not clustered.

2021-03-16 09:21:55.997 [main] INFO  org.quartz.impl.StdSchedulerFactory - Quartz scheduler 'quartzScheduler' initialized from an externally provided properties instance.
2021-03-16 09:21:55.997 [main] INFO  org.quartz.impl.StdSchedulerFactory - Quartz scheduler version: 2.3.2
2021-03-16 09:21:55.997 [main] INFO  org.quartz.core.QuartzScheduler - JobFactory set to: org.springframework.scheduling.quartz.SpringBeanJobFactory@46e64760
2021-03-16 09:21:56.020 [main] INFO  o.s.scheduling.quartz.SchedulerFactoryBean - Starting Quartz Scheduler now
2021-03-16 09:21:56.020 [main] INFO  org.quartz.core.QuartzScheduler - Scheduler quartzScheduler_$_NON_CLUSTERED started.
2021-03-16 09:21:56.026 [main] INFO  org.apache.coyote.http11.Http11NioProtocol - Starting ProtocolHandler ["http-nio-8080"]
2021-03-16 09:21:56.048 [main] INFO  o.s.boot.web.embedded.tomcat.TomcatWebServer - Tomcat started on port(s): 8080 (http) with context path ''
2021-03-16 09:21:56.050 [main] INFO  com.demo.parking_access.ParkingAccessApplication - Started ParkingAccessApplication in 3.805 seconds (JVM running for 5.748)
2021-03-16 09:32:03.882 [http-nio-8080-exec-1] INFO  o.a.c.core.ContainerBase.[Tomcat].[localhost].[/] - Initializing Spring DispatcherServlet 'dispatcherServlet'
2021-03-16 09:32:03.882 [http-nio-8080-exec-1] INFO  org.springframework.web.servlet.DispatcherServlet - Initializing Servlet 'dispatcherServlet'
2021-03-16 09:32:03.886 [http-nio-8080-exec-1] INFO  org.springframework.web.servlet.DispatcherServlet - Completed initialization in 4 ms
2021-03-16 09:32:03.977 [http-nio-8080-exec-1] WARN  o.s.w.s.m.support.DefaultHandlerExceptionResolver - Resolved [org.springframework.validation.BindException: org.springframework.validation.BeanPropertyBindingResult: 1 errors
Field error in object 'payInfo' on field 'dataTime': rejected value [1615858325000]; codes [typeMismatch.payInfo.dataTime,typeMismatch.dataTime,typeMismatch.int,typeMismatch]; arguments [org.springframework.context.support.DefaultMessageSourceResolvable: codes [payInfo.dataTime,dataTime]; arguments []; default message [dataTime]]; default message [Failed to convert property value of type 'java.lang.String' to required type 'int' for property 'dataTime'; nested exception is java.lang.NumberFormatException: For input string: "1615858325000"]]
