2021-03-08 10:12:24.283 [main] INFO  o.s.b.t.context.SpringBootTestContextBootstrapper - Neither @ContextConfiguration nor @ContextHierarchy found for test class [com.demo.parking_access.ParkingAccessApplicationTests], using SpringBootContextLoader
2021-03-08 10:12:24.283 [main] INFO  o.s.test.context.support.AbstractContextLoader - Could not detect default resource locations for test class [com.demo.parking_access.ParkingAccessApplicationTests]: no resource found for suffixes {-context.xml, Context.groovy}.
2021-03-08 10:12:24.283 [main] INFO  o.s.t.c.support.AnnotationConfigContextLoaderUtils - Could not detect default configuration classes for test class [com.demo.parking_access.ParkingAccessApplicationTests]: ParkingAccessApplicationTests does not declare any static, non-private, non-final, nested classes annotated with @Configuration.
2021-03-08 10:12:24.423 [main] INFO  o.s.b.t.context.SpringBootTestContextBootstrapper - Found @SpringBootConfiguration com.demo.parking_access.ParkingAccessApplication for test class com.demo.parking_access.ParkingAccessApplicationTests
2021-03-08 10:12:24.564 [main] INFO  o.s.b.t.context.SpringBootTestContextBootstrapper - Loaded default TestExecutionListener class names from location [META-INF/spring.factories]: [org.springframework.boot.test.mock.mockito.MockitoTestExecutionListener, org.springframework.boot.test.mock.mockito.ResetMocksTestExecutionListener, org.springframework.boot.test.autoconfigure.restdocs.RestDocsTestExecutionListener, org.springframework.boot.test.autoconfigure.web.client.MockRestServiceServerResetTestExecutionListener, org.springframework.boot.test.autoconfigure.web.servlet.MockMvcPrintOnlyOnFailureTestExecutionListener, org.springframework.boot.test.autoconfigure.web.servlet.WebDriverTestExecutionListener, org.springframework.test.context.web.ServletTestExecutionListener, org.springframework.test.context.support.DirtiesContextBeforeModesTestExecutionListener, org.springframework.test.context.support.DependencyInjectionTestExecutionListener, org.springframework.test.context.support.DirtiesContextTestExecutionListener, org.springframework.test.context.transaction.TransactionalTestExecutionListener, org.springframework.test.context.jdbc.SqlScriptsTestExecutionListener, org.springframework.test.context.event.EventPublishingTestExecutionListener]
2021-03-08 10:12:24.611 [main] INFO  o.s.b.t.context.SpringBootTestContextBootstrapper - Using TestExecutionListeners: [org.springframework.test.context.web.ServletTestExecutionListener@4b2c5e02, org.springframework.test.context.support.DirtiesContextBeforeModesTestExecutionListener@57a3e26a, org.springframework.boot.test.mock.mockito.MockitoTestExecutionListener@75c56eb9, org.springframework.boot.test.autoconfigure.SpringBootDependencyInjectionTestExecutionListener@4bc222e, org.springframework.test.context.support.DirtiesContextTestExecutionListener@2dc9b0f5, org.springframework.test.context.transaction.TransactionalTestExecutionListener@6531a794, org.springframework.test.context.jdbc.SqlScriptsTestExecutionListener@3b5fad2d, org.springframework.test.context.event.EventPublishingTestExecutionListener@5e17553a, org.springframework.boot.test.mock.mockito.ResetMocksTestExecutionListener@3eb91815, org.springframework.boot.test.autoconfigure.restdocs.RestDocsTestExecutionListener@56dc1551, org.springframework.boot.test.autoconfigure.web.client.MockRestServiceServerResetTestExecutionListener@102cec62, org.springframework.boot.test.autoconfigure.web.servlet.MockMvcPrintOnlyOnFailureTestExecutionListener@74f6c5d8, org.springframework.boot.test.autoconfigure.web.servlet.WebDriverTestExecutionListener@27912e3]
2021-03-08 10:12:25.032 [main] INFO  c.d.parking_access.ParkingAccessApplicationTests - Starting ParkingAccessApplicationTests on DESKTOP-4IL9A7A with PID 19720 (started by Yang in F:\parking_access)
2021-03-08 10:12:25.032 [main] INFO  c.d.parking_access.ParkingAccessApplicationTests - No active profile set, falling back to default profiles: default
2021-03-08 10:12:26.032 [main] INFO  o.s.d.r.config.RepositoryConfigurationDelegate - Multiple Spring Data modules found, entering strict repository configuration mode!
2021-03-08 10:12:26.032 [main] INFO  o.s.d.r.config.RepositoryConfigurationDelegate - Bootstrapping Spring Data Redis repositories in DEFAULT mode.
2021-03-08 10:12:26.079 [main] INFO  o.s.d.r.config.RepositoryConfigurationDelegate - Finished Spring Data repository scanning in 11ms. Found 0 Redis repository interfaces.
2021-03-08 10:12:28.297 [main] INFO  o.s.scheduling.concurrent.ThreadPoolTaskExecutor - Initializing ExecutorService 'applicationTaskExecutor'
2021-03-08 10:12:28.516 [main] WARN  o.s.b.a.t.ThymeleafAutoConfiguration$DefaultTemplateResolverConfiguration - Cannot find template location: classpath:/templates/ (please add some templates or check your Thymeleaf configuration)
2021-03-08 10:12:29.297 [main] INFO  org.quartz.impl.StdSchedulerFactory - Using default implementation for ThreadExecutor
2021-03-08 10:12:29.313 [main] INFO  org.quartz.core.SchedulerSignalerImpl - Initialized Scheduler Signaller of type: class org.quartz.core.SchedulerSignalerImpl
2021-03-08 10:12:29.313 [main] INFO  org.quartz.core.QuartzScheduler - Quartz Scheduler v.2.3.2 created.
2021-03-08 10:12:29.313 [main] INFO  org.quartz.simpl.RAMJobStore - RAMJobStore initialized.
2021-03-08 10:12:29.313 [main] INFO  org.quartz.core.QuartzScheduler - Scheduler meta-data: Quartz Scheduler (v2.3.2) 'quartzScheduler' with instanceId 'NON_CLUSTERED'
  Scheduler class: 'org.quartz.core.QuartzScheduler' - running locally.
  NOT STARTED.
  Currently in standby mode.
  Number of jobs executed: 0
  Using thread pool 'org.quartz.simpl.SimpleThreadPool' - with 10 threads.
  Using job-store 'org.quartz.simpl.RAMJobStore' - which does not support persistence. and is not clustered.

2021-03-08 10:12:29.313 [main] INFO  org.quartz.impl.StdSchedulerFactory - Quartz scheduler 'quartzScheduler' initialized from an externally provided properties instance.
2021-03-08 10:12:29.313 [main] INFO  org.quartz.impl.StdSchedulerFactory - Quartz scheduler version: 2.3.2
2021-03-08 10:12:29.313 [main] INFO  org.quartz.core.QuartzScheduler - JobFactory set to: org.springframework.scheduling.quartz.SpringBeanJobFactory@59636c47
2021-03-08 10:12:29.375 [main] INFO  o.s.scheduling.quartz.SchedulerFactoryBean - Starting Quartz Scheduler now
2021-03-08 10:12:29.375 [main] INFO  org.quartz.core.QuartzScheduler - Scheduler quartzScheduler_$_NON_CLUSTERED started.
2021-03-08 10:12:29.391 [main] INFO  c.d.parking_access.ParkingAccessApplicationTests - Started ParkingAccessApplicationTests in 4.648 seconds (JVM running for 6.014)
2021-03-08 10:12:29.750 [SpringContextShutdownHook] INFO  org.quartz.core.QuartzScheduler - Scheduler quartzScheduler_$_NON_CLUSTERED paused.
2021-03-08 10:12:29.750 [SpringContextShutdownHook] INFO  o.s.scheduling.quartz.SchedulerFactoryBean - Shutting down Quartz Scheduler
2021-03-08 10:12:29.750 [SpringContextShutdownHook] INFO  org.quartz.core.QuartzScheduler - Scheduler quartzScheduler_$_NON_CLUSTERED shutting down.
2021-03-08 10:12:29.750 [SpringContextShutdownHook] INFO  org.quartz.core.QuartzScheduler - Scheduler quartzScheduler_$_NON_CLUSTERED paused.
2021-03-08 10:12:29.750 [SpringContextShutdownHook] INFO  org.quartz.core.QuartzScheduler - Scheduler quartzScheduler_$_NON_CLUSTERED shutdown complete.
2021-03-08 10:12:29.766 [SpringContextShutdownHook] INFO  o.s.scheduling.concurrent.ThreadPoolTaskExecutor - Shutting down ExecutorService 'applicationTaskExecutor'
2021-03-08 10:19:27.379 [main] INFO  o.s.b.t.context.SpringBootTestContextBootstrapper - Neither @ContextConfiguration nor @ContextHierarchy found for test class [com.demo.parking_access.ParkingAccessApplicationTests], using SpringBootContextLoader
2021-03-08 10:19:27.379 [main] INFO  o.s.test.context.support.AbstractContextLoader - Could not detect default resource locations for test class [com.demo.parking_access.ParkingAccessApplicationTests]: no resource found for suffixes {-context.xml, Context.groovy}.
2021-03-08 10:19:27.379 [main] INFO  o.s.t.c.support.AnnotationConfigContextLoaderUtils - Could not detect default configuration classes for test class [com.demo.parking_access.ParkingAccessApplicationTests]: ParkingAccessApplicationTests does not declare any static, non-private, non-final, nested classes annotated with @Configuration.
2021-03-08 10:19:27.473 [main] INFO  o.s.b.t.context.SpringBootTestContextBootstrapper - Found @SpringBootConfiguration com.demo.parking_access.ParkingAccessApplication for test class com.demo.parking_access.ParkingAccessApplicationTests
2021-03-08 10:19:27.551 [main] INFO  o.s.b.t.context.SpringBootTestContextBootstrapper - Loaded default TestExecutionListener class names from location [META-INF/spring.factories]: [org.springframework.boot.test.mock.mockito.MockitoTestExecutionListener, org.springframework.boot.test.mock.mockito.ResetMocksTestExecutionListener, org.springframework.boot.test.autoconfigure.restdocs.RestDocsTestExecutionListener, org.springframework.boot.test.autoconfigure.web.client.MockRestServiceServerResetTestExecutionListener, org.springframework.boot.test.autoconfigure.web.servlet.MockMvcPrintOnlyOnFailureTestExecutionListener, org.springframework.boot.test.autoconfigure.web.servlet.WebDriverTestExecutionListener, org.springframework.test.context.web.ServletTestExecutionListener, org.springframework.test.context.support.DirtiesContextBeforeModesTestExecutionListener, org.springframework.test.context.support.DependencyInjectionTestExecutionListener, org.springframework.test.context.support.DirtiesContextTestExecutionListener, org.springframework.test.context.transaction.TransactionalTestExecutionListener, org.springframework.test.context.jdbc.SqlScriptsTestExecutionListener, org.springframework.test.context.event.EventPublishingTestExecutionListener]
2021-03-08 10:19:27.567 [main] INFO  o.s.b.t.context.SpringBootTestContextBootstrapper - Using TestExecutionListeners: [org.springframework.test.context.web.ServletTestExecutionListener@4b2c5e02, org.springframework.test.context.support.DirtiesContextBeforeModesTestExecutionListener@57a3e26a, org.springframework.boot.test.mock.mockito.MockitoTestExecutionListener@75c56eb9, org.springframework.boot.test.autoconfigure.SpringBootDependencyInjectionTestExecutionListener@4bc222e, org.springframework.test.context.support.DirtiesContextTestExecutionListener@2dc9b0f5, org.springframework.test.context.transaction.TransactionalTestExecutionListener@6531a794, org.springframework.test.context.jdbc.SqlScriptsTestExecutionListener@3b5fad2d, org.springframework.test.context.event.EventPublishingTestExecutionListener@5e17553a, org.springframework.boot.test.mock.mockito.ResetMocksTestExecutionListener@3eb91815, org.springframework.boot.test.autoconfigure.restdocs.RestDocsTestExecutionListener@56dc1551, org.springframework.boot.test.autoconfigure.web.client.MockRestServiceServerResetTestExecutionListener@102cec62, org.springframework.boot.test.autoconfigure.web.servlet.MockMvcPrintOnlyOnFailureTestExecutionListener@74f6c5d8, org.springframework.boot.test.autoconfigure.web.servlet.WebDriverTestExecutionListener@27912e3]
2021-03-08 10:19:27.770 [main] INFO  c.d.parking_access.ParkingAccessApplicationTests - Starting ParkingAccessApplicationTests on DESKTOP-4IL9A7A with PID 8712 (started by Yang in F:\parking_access)
2021-03-08 10:19:27.786 [main] INFO  c.d.parking_access.ParkingAccessApplicationTests - No active profile set, falling back to default profiles: default
2021-03-08 10:19:28.364 [main] INFO  o.s.d.r.config.RepositoryConfigurationDelegate - Multiple Spring Data modules found, entering strict repository configuration mode!
2021-03-08 10:19:28.364 [main] INFO  o.s.d.r.config.RepositoryConfigurationDelegate - Bootstrapping Spring Data Redis repositories in DEFAULT mode.
2021-03-08 10:19:28.395 [main] INFO  o.s.d.r.config.RepositoryConfigurationDelegate - Finished Spring Data repository scanning in 11ms. Found 0 Redis repository interfaces.
2021-03-08 10:19:29.894 [main] INFO  o.s.scheduling.concurrent.ThreadPoolTaskExecutor - Initializing ExecutorService 'applicationTaskExecutor'
2021-03-08 10:19:30.066 [main] WARN  o.s.b.a.t.ThymeleafAutoConfiguration$DefaultTemplateResolverConfiguration - Cannot find template location: classpath:/templates/ (please add some templates or check your Thymeleaf configuration)
2021-03-08 10:19:30.535 [main] INFO  org.quartz.impl.StdSchedulerFactory - Using default implementation for ThreadExecutor
2021-03-08 10:19:30.535 [main] INFO  org.quartz.core.SchedulerSignalerImpl - Initialized Scheduler Signaller of type: class org.quartz.core.SchedulerSignalerImpl
2021-03-08 10:19:30.535 [main] INFO  org.quartz.core.QuartzScheduler - Quartz Scheduler v.2.3.2 created.
2021-03-08 10:19:30.535 [main] INFO  org.quartz.simpl.RAMJobStore - RAMJobStore initialized.
2021-03-08 10:19:30.535 [main] INFO  org.quartz.core.QuartzScheduler - Scheduler meta-data: Quartz Scheduler (v2.3.2) 'quartzScheduler' with instanceId 'NON_CLUSTERED'
  Scheduler class: 'org.quartz.core.QuartzScheduler' - running locally.
  NOT STARTED.
  Currently in standby mode.
  Number of jobs executed: 0
  Using thread pool 'org.quartz.simpl.SimpleThreadPool' - with 10 threads.
  Using job-store 'org.quartz.simpl.RAMJobStore' - which does not support persistence. and is not clustered.

2021-03-08 10:19:30.535 [main] INFO  org.quartz.impl.StdSchedulerFactory - Quartz scheduler 'quartzScheduler' initialized from an externally provided properties instance.
2021-03-08 10:19:30.535 [main] INFO  org.quartz.impl.StdSchedulerFactory - Quartz scheduler version: 2.3.2
2021-03-08 10:19:30.535 [main] INFO  org.quartz.core.QuartzScheduler - JobFactory set to: org.springframework.scheduling.quartz.SpringBeanJobFactory@62ade015
2021-03-08 10:19:30.582 [main] INFO  o.s.scheduling.quartz.SchedulerFactoryBean - Starting Quartz Scheduler now
2021-03-08 10:19:30.582 [main] INFO  org.quartz.core.QuartzScheduler - Scheduler quartzScheduler_$_NON_CLUSTERED started.
2021-03-08 10:19:30.597 [main] INFO  c.d.parking_access.ParkingAccessApplicationTests - Started ParkingAccessApplicationTests in 3.005 seconds (JVM running for 3.927)
2021-03-08 10:19:30.785 [SpringContextShutdownHook] INFO  org.quartz.core.QuartzScheduler - Scheduler quartzScheduler_$_NON_CLUSTERED paused.
2021-03-08 10:19:30.785 [SpringContextShutdownHook] INFO  o.s.scheduling.quartz.SchedulerFactoryBean - Shutting down Quartz Scheduler
2021-03-08 10:19:30.785 [SpringContextShutdownHook] INFO  org.quartz.core.QuartzScheduler - Scheduler quartzScheduler_$_NON_CLUSTERED shutting down.
2021-03-08 10:19:30.785 [SpringContextShutdownHook] INFO  org.quartz.core.QuartzScheduler - Scheduler quartzScheduler_$_NON_CLUSTERED paused.
2021-03-08 10:19:30.785 [SpringContextShutdownHook] INFO  org.quartz.core.QuartzScheduler - Scheduler quartzScheduler_$_NON_CLUSTERED shutdown complete.
2021-03-08 10:19:30.800 [SpringContextShutdownHook] INFO  o.s.scheduling.concurrent.ThreadPoolTaskExecutor - Shutting down ExecutorService 'applicationTaskExecutor'
2021-03-08 10:41:35.475 [main] INFO  com.demo.parking_access.ParkingAccessApplication - Starting ParkingAccessApplication on DESKTOP-4IL9A7A with PID 17104 (F:\parking_access\target\classes started by Yang in F:\parking_access)
2021-03-08 10:41:35.489 [main] INFO  com.demo.parking_access.ParkingAccessApplication - No active profile set, falling back to default profiles: default
2021-03-08 10:41:36.013 [main] INFO  o.s.d.r.config.RepositoryConfigurationDelegate - Multiple Spring Data modules found, entering strict repository configuration mode!
2021-03-08 10:41:36.015 [main] INFO  o.s.d.r.config.RepositoryConfigurationDelegate - Bootstrapping Spring Data Redis repositories in DEFAULT mode.
2021-03-08 10:41:36.035 [main] INFO  o.s.d.r.config.RepositoryConfigurationDelegate - Finished Spring Data repository scanning in 8ms. Found 0 Redis repository interfaces.
2021-03-08 10:41:36.420 [main] INFO  o.s.boot.web.embedded.tomcat.TomcatWebServer - Tomcat initialized with port(s): 8080 (http)
2021-03-08 10:41:36.428 [main] INFO  org.apache.coyote.http11.Http11NioProtocol - Initializing ProtocolHandler ["http-nio-8080"]
2021-03-08 10:41:36.428 [main] INFO  org.apache.catalina.core.StandardService - Starting service [Tomcat]
2021-03-08 10:41:36.428 [main] INFO  org.apache.catalina.core.StandardEngine - Starting Servlet engine: [Apache Tomcat/9.0.31]
2021-03-08 10:41:36.544 [main] INFO  o.a.c.core.ContainerBase.[Tomcat].[localhost].[/] - Initializing Spring embedded WebApplicationContext
2021-03-08 10:41:36.544 [main] INFO  org.springframework.web.context.ContextLoader - Root WebApplicationContext: initialization completed in 1013 ms
2021-03-08 10:41:37.031 [main] INFO  o.s.scheduling.concurrent.ThreadPoolTaskExecutor - Initializing ExecutorService 'applicationTaskExecutor'
2021-03-08 10:41:37.109 [main] WARN  o.s.b.a.t.ThymeleafAutoConfiguration$DefaultTemplateResolverConfiguration - Cannot find template location: classpath:/templates/ (please add some templates or check your Thymeleaf configuration)
2021-03-08 10:41:37.412 [main] INFO  org.quartz.impl.StdSchedulerFactory - Using default implementation for ThreadExecutor
2021-03-08 10:41:37.423 [main] INFO  org.quartz.core.SchedulerSignalerImpl - Initialized Scheduler Signaller of type: class org.quartz.core.SchedulerSignalerImpl
2021-03-08 10:41:37.424 [main] INFO  org.quartz.core.QuartzScheduler - Quartz Scheduler v.2.3.2 created.
2021-03-08 10:41:37.424 [main] INFO  org.quartz.simpl.RAMJobStore - RAMJobStore initialized.
2021-03-08 10:41:37.425 [main] INFO  org.quartz.core.QuartzScheduler - Scheduler meta-data: Quartz Scheduler (v2.3.2) 'quartzScheduler' with instanceId 'NON_CLUSTERED'
  Scheduler class: 'org.quartz.core.QuartzScheduler' - running locally.
  NOT STARTED.
  Currently in standby mode.
  Number of jobs executed: 0
  Using thread pool 'org.quartz.simpl.SimpleThreadPool' - with 10 threads.
  Using job-store 'org.quartz.simpl.RAMJobStore' - which does not support persistence. and is not clustered.

2021-03-08 10:41:37.425 [main] INFO  org.quartz.impl.StdSchedulerFactory - Quartz scheduler 'quartzScheduler' initialized from an externally provided properties instance.
2021-03-08 10:41:37.425 [main] INFO  org.quartz.impl.StdSchedulerFactory - Quartz scheduler version: 2.3.2
2021-03-08 10:41:37.425 [main] INFO  org.quartz.core.QuartzScheduler - JobFactory set to: org.springframework.scheduling.quartz.SpringBeanJobFactory@6c1cfa53
2021-03-08 10:41:37.447 [main] INFO  o.s.scheduling.quartz.SchedulerFactoryBean - Starting Quartz Scheduler now
2021-03-08 10:41:37.447 [main] INFO  org.quartz.core.QuartzScheduler - Scheduler quartzScheduler_$_NON_CLUSTERED started.
2021-03-08 10:41:37.452 [main] INFO  org.apache.coyote.http11.Http11NioProtocol - Starting ProtocolHandler ["http-nio-8080"]
2021-03-08 10:41:37.470 [main] INFO  o.s.boot.web.embedded.tomcat.TomcatWebServer - Tomcat started on port(s): 8080 (http) with context path ''
2021-03-08 10:41:37.472 [main] INFO  com.demo.parking_access.ParkingAccessApplication - Started ParkingAccessApplication in 2.386 seconds (JVM running for 4.205)
2021-03-08 10:42:12.210 [main] INFO  com.demo.parking_access.ParkingAccessApplication - Starting ParkingAccessApplication on DESKTOP-4IL9A7A with PID 10760 (F:\parking_access\target\classes started by Yang in F:\parking_access)
2021-03-08 10:42:12.210 [main] INFO  com.demo.parking_access.ParkingAccessApplication - No active profile set, falling back to default profiles: default
2021-03-08 10:42:12.647 [main] INFO  o.s.d.r.config.RepositoryConfigurationDelegate - Multiple Spring Data modules found, entering strict repository configuration mode!
2021-03-08 10:42:12.647 [main] INFO  o.s.d.r.config.RepositoryConfigurationDelegate - Bootstrapping Spring Data Redis repositories in DEFAULT mode.
2021-03-08 10:42:12.663 [main] INFO  o.s.d.r.config.RepositoryConfigurationDelegate - Finished Spring Data repository scanning in 11ms. Found 0 Redis repository interfaces.
2021-03-08 10:42:13.132 [main] INFO  o.s.boot.web.embedded.tomcat.TomcatWebServer - Tomcat initialized with port(s): 8080 (http)
2021-03-08 10:42:13.132 [main] INFO  org.apache.coyote.http11.Http11NioProtocol - Initializing ProtocolHandler ["http-nio-8080"]
2021-03-08 10:42:13.132 [main] INFO  org.apache.catalina.core.StandardService - Starting service [Tomcat]
2021-03-08 10:42:13.132 [main] INFO  org.apache.catalina.core.StandardEngine - Starting Servlet engine: [Apache Tomcat/9.0.31]
2021-03-08 10:42:13.257 [main] INFO  o.a.c.core.ContainerBase.[Tomcat].[localhost].[/] - Initializing Spring embedded WebApplicationContext
2021-03-08 10:42:13.257 [main] INFO  org.springframework.web.context.ContextLoader - Root WebApplicationContext: initialization completed in 1016 ms
2021-03-08 10:42:13.850 [main] INFO  o.s.scheduling.concurrent.ThreadPoolTaskExecutor - Initializing ExecutorService 'applicationTaskExecutor'
2021-03-08 10:42:13.944 [main] WARN  o.s.b.a.t.ThymeleafAutoConfiguration$DefaultTemplateResolverConfiguration - Cannot find template location: classpath:/templates/ (please add some templates or check your Thymeleaf configuration)
2021-03-08 10:42:14.272 [main] INFO  org.quartz.impl.StdSchedulerFactory - Using default implementation for ThreadExecutor
2021-03-08 10:42:14.272 [main] INFO  org.quartz.core.SchedulerSignalerImpl - Initialized Scheduler Signaller of type: class org.quartz.core.SchedulerSignalerImpl
2021-03-08 10:42:14.272 [main] INFO  org.quartz.core.QuartzScheduler - Quartz Scheduler v.2.3.2 created.
2021-03-08 10:42:14.272 [main] INFO  org.quartz.simpl.RAMJobStore - RAMJobStore initialized.
2021-03-08 10:42:14.272 [main] INFO  org.quartz.core.QuartzScheduler - Scheduler meta-data: Quartz Scheduler (v2.3.2) 'quartzScheduler' with instanceId 'NON_CLUSTERED'
  Scheduler class: 'org.quartz.core.QuartzScheduler' - running locally.
  NOT STARTED.
  Currently in standby mode.
  Number of jobs executed: 0
  Using thread pool 'org.quartz.simpl.SimpleThreadPool' - with 10 threads.
  Using job-store 'org.quartz.simpl.RAMJobStore' - which does not support persistence. and is not clustered.

2021-03-08 10:42:14.272 [main] INFO  org.quartz.impl.StdSchedulerFactory - Quartz scheduler 'quartzScheduler' initialized from an externally provided properties instance.
2021-03-08 10:42:14.272 [main] INFO  org.quartz.impl.StdSchedulerFactory - Quartz scheduler version: 2.3.2
2021-03-08 10:42:14.272 [main] INFO  org.quartz.core.QuartzScheduler - JobFactory set to: org.springframework.scheduling.quartz.SpringBeanJobFactory@32fa809f
2021-03-08 10:42:14.303 [main] INFO  o.s.scheduling.quartz.SchedulerFactoryBean - Starting Quartz Scheduler now
2021-03-08 10:42:14.303 [main] INFO  org.quartz.core.QuartzScheduler - Scheduler quartzScheduler_$_NON_CLUSTERED started.
2021-03-08 10:42:14.303 [main] INFO  org.apache.coyote.http11.Http11NioProtocol - Starting ProtocolHandler ["http-nio-8080"]
2021-03-08 10:42:14.319 [main] INFO  o.s.boot.web.embedded.tomcat.TomcatWebServer - Tomcat started on port(s): 8080 (http) with context path ''
2021-03-08 10:42:14.319 [main] INFO  com.demo.parking_access.ParkingAccessApplication - Started ParkingAccessApplication in 2.312 seconds (JVM running for 5.265)
2021-03-08 10:42:19.305 [http-nio-8080-exec-1] INFO  o.a.c.core.ContainerBase.[Tomcat].[localhost].[/] - Initializing Spring DispatcherServlet 'dispatcherServlet'
2021-03-08 10:42:19.305 [http-nio-8080-exec-1] INFO  org.springframework.web.servlet.DispatcherServlet - Initializing Servlet 'dispatcherServlet'
2021-03-08 10:42:19.321 [http-nio-8080-exec-1] INFO  org.springframework.web.servlet.DispatcherServlet - Completed initialization in 16 ms
2021-03-08 10:42:19.352 [http-nio-8080-exec-1] INFO  com.demo.parking_access.controller.ParkHandover - ---执行登录---name:muyunpassword:123456
2021-03-08 10:42:19.368 [http-nio-8080-exec-1] INFO  com.zaxxer.hikari.HikariDataSource - HikariPool-1 - Starting...
2021-03-08 10:42:19.867 [http-nio-8080-exec-1] INFO  com.zaxxer.hikari.HikariDataSource - HikariPool-1 - Start completed.
2021-03-08 10:42:20.508 [http-nio-8080-exec-3] INFO  com.demo.parking_access.controller.ParkHandover - ---执行查找剩余车位---
2021-03-08 10:42:20.539 [http-nio-8080-exec-3] INFO  com.demo.parking_access.controller.ParkHandover - uuid：eN3423NwQ1
2021-03-08 10:42:31.254 [http-nio-8080-exec-4] INFO  com.demo.parking_access.controller.ParkHandover - picUrlhttp://muyun-park.oss-cn-hangzhou.aliyuncs.com/p31010012/in/2021-03-08/10/蓝色_赣FD9688_20210308104230813.jpglicense:{"license":"赣FD9688","color":"na","confidence":1.0020660400390624}gateuuid:ru8j1E9vLCtime:1615171350parkid:p31010012picUrl:http://muyun-park.oss-cn-hangzhou.aliyuncs.com/p31010012/in/2021-03-08/10/蓝色_赣FD9688_20210308104230813.jpg
2021-03-08 10:42:31.305 [http-nio-8080-exec-4] INFO  com.demo.parking_access.controller.ParkHandover - license:赣FD9688
2021-03-08 10:42:31.480 [http-nio-8080-exec-4] INFO  com.demo.parking_access.controller.ParkHandover - CarEnter->Redis：eN3423NwQ1
2021-03-08 10:42:31.711 [http-nio-8080-exec-5] INFO  com.demo.parking_access.controller.ParkHandover - ---执行查找剩余车位---
2021-03-08 10:42:31.726 [http-nio-8080-exec-5] INFO  com.demo.parking_access.controller.ParkHandover - uuid：eN3423NwQ1
2021-03-08 10:42:33.125 [http-nio-8080-exec-6] INFO  com.demo.parking_access.controller.ParkHandover - {"wuLicense":"","address":"","payTime":0,"openId":"","uuid":"3B56EFA9180F482E92379DC480052EB9","version":0,"parkid":"eN3423NwQ1","orgUuid":"eN3423NwQ1","license":"赣FD9688","picUrl":"http://muyun-park.oss-cn-hangzhou.aliyuncs.com/p31010012/in/2021-03-08/10/蓝色_赣FD9688_20210308104230813.jpg","carType":4,"gateUuid":"ru8j1E9vLC","time":1615171351}
2021-03-08 10:42:33.295 [http-nio-8080-exec-6] INFO  com.demo.parking_access.controller.ParkHandover - 2021-03-08 10:42:33 [billing]-总停车时间：5.555555555555556E-4
2021-03-08 10:42:33.295 [http-nio-8080-exec-6] INFO  com.demo.parking_access.controller.ParkHandover - freeTimeUnit:0
2021-03-08 10:42:33.295 [http-nio-8080-exec-6] INFO  com.demo.parking_access.controller.ParkHandover - 2021-03-08 10:42:33余小时：0
2021-03-08 10:42:33.295 [http-nio-8080-exec-6] INFO  com.demo.parking_access.controller.ParkHandover - 天数金额:0.0
2021-03-08 10:42:33.295 [http-nio-8080-exec-6] INFO  com.demo.parking_access.controller.ParkHandover - 计算分钟:0.03333333333333333
2021-03-08 10:42:33.295 [http-nio-8080-exec-6] INFO  com.demo.parking_access.controller.ParkHandover - 出场小时单位：10
2021-03-08 10:42:33.310 [http-nio-8080-exec-6] INFO  com.demo.parking_access.controller.ParkHandover - feeplanUuid:86A20AD83A414547AEB94DC4EB1B79EEamount:500.0
2021-03-08 10:42:33.310 [http-nio-8080-exec-6] INFO  com.demo.parking_access.controller.ParkHandover - 多余分钟按日间或夜间金额:500.0
2021-03-08 10:42:33.327 [http-nio-8080-exec-6] INFO  com.demo.parking_access.controller.ParkHandover - 经过收费方案的钱:0.0
2021-03-08 10:42:33.327 [http-nio-8080-exec-6] INFO  com.demo.parking_access.controller.ParkHandover - 总金额:500.0不超出一天的金额:500.0不超过一小时的金额:500.0
2021-03-08 10:42:33.371 [http-nio-8080-exec-6] INFO  com.demo.parking_access.controller.ParkHandover - carOut-CarType-4 -> 不能支付amout:5.0
2021-03-08 10:42:33.485 [http-nio-8080-exec-7] INFO  com.demo.parking_access.controller.ParkHandover - ---执行查找剩余车位---
2021-03-08 10:42:33.511 [http-nio-8080-exec-7] INFO  com.demo.parking_access.controller.ParkHandover - uuid：eN3423NwQ1
2021-03-08 10:45:36.255 [main] INFO  com.demo.parking_access.ParkingAccessApplication - Starting ParkingAccessApplication on DESKTOP-4IL9A7A with PID 13116 (F:\parking_access\target\classes started by Yang in F:\parking_access)
2021-03-08 10:45:36.257 [main] INFO  com.demo.parking_access.ParkingAccessApplication - No active profile set, falling back to default profiles: default
2021-03-08 10:45:36.759 [main] INFO  o.s.d.r.config.RepositoryConfigurationDelegate - Multiple Spring Data modules found, entering strict repository configuration mode!
2021-03-08 10:45:36.764 [main] INFO  o.s.d.r.config.RepositoryConfigurationDelegate - Bootstrapping Spring Data Redis repositories in DEFAULT mode.
2021-03-08 10:45:36.774 [main] INFO  o.s.d.r.config.RepositoryConfigurationDelegate - Finished Spring Data repository scanning in 7ms. Found 0 Redis repository interfaces.
2021-03-08 10:45:37.180 [main] INFO  o.s.boot.web.embedded.tomcat.TomcatWebServer - Tomcat initialized with port(s): 8080 (http)
2021-03-08 10:45:37.180 [main] INFO  org.apache.coyote.http11.Http11NioProtocol - Initializing ProtocolHandler ["http-nio-8080"]
2021-03-08 10:45:37.180 [main] INFO  org.apache.catalina.core.StandardService - Starting service [Tomcat]
2021-03-08 10:45:37.180 [main] INFO  org.apache.catalina.core.StandardEngine - Starting Servlet engine: [Apache Tomcat/9.0.31]
2021-03-08 10:45:37.296 [main] INFO  o.a.c.core.ContainerBase.[Tomcat].[localhost].[/] - Initializing Spring embedded WebApplicationContext
2021-03-08 10:45:37.296 [main] INFO  org.springframework.web.context.ContextLoader - Root WebApplicationContext: initialization completed in 1011 ms
2021-03-08 10:45:37.765 [main] INFO  o.s.scheduling.concurrent.ThreadPoolTaskExecutor - Initializing ExecutorService 'applicationTaskExecutor'
2021-03-08 10:45:37.859 [main] WARN  o.s.b.a.t.ThymeleafAutoConfiguration$DefaultTemplateResolverConfiguration - Cannot find template location: classpath:/templates/ (please add some templates or check your Thymeleaf configuration)
2021-03-08 10:45:38.156 [main] INFO  org.quartz.impl.StdSchedulerFactory - Using default implementation for ThreadExecutor
2021-03-08 10:45:38.171 [main] INFO  org.quartz.core.SchedulerSignalerImpl - Initialized Scheduler Signaller of type: class org.quartz.core.SchedulerSignalerImpl
2021-03-08 10:45:38.171 [main] INFO  org.quartz.core.QuartzScheduler - Quartz Scheduler v.2.3.2 created.
2021-03-08 10:45:38.171 [main] INFO  org.quartz.simpl.RAMJobStore - RAMJobStore initialized.
2021-03-08 10:45:38.171 [main] INFO  org.quartz.core.QuartzScheduler - Scheduler meta-data: Quartz Scheduler (v2.3.2) 'quartzScheduler' with instanceId 'NON_CLUSTERED'
  Scheduler class: 'org.quartz.core.QuartzScheduler' - running locally.
  NOT STARTED.
  Currently in standby mode.
  Number of jobs executed: 0
  Using thread pool 'org.quartz.simpl.SimpleThreadPool' - with 10 threads.
  Using job-store 'org.quartz.simpl.RAMJobStore' - which does not support persistence. and is not clustered.

2021-03-08 10:45:38.171 [main] INFO  org.quartz.impl.StdSchedulerFactory - Quartz scheduler 'quartzScheduler' initialized from an externally provided properties instance.
2021-03-08 10:45:38.171 [main] INFO  org.quartz.impl.StdSchedulerFactory - Quartz scheduler version: 2.3.2
2021-03-08 10:45:38.171 [main] INFO  org.quartz.core.QuartzScheduler - JobFactory set to: org.springframework.scheduling.quartz.SpringBeanJobFactory@31e76a8d
2021-03-08 10:45:38.202 [main] INFO  o.s.scheduling.quartz.SchedulerFactoryBean - Starting Quartz Scheduler now
2021-03-08 10:45:38.202 [main] INFO  org.quartz.core.QuartzScheduler - Scheduler quartzScheduler_$_NON_CLUSTERED started.
2021-03-08 10:45:38.202 [main] INFO  org.apache.coyote.http11.Http11NioProtocol - Starting ProtocolHandler ["http-nio-8080"]
2021-03-08 10:45:38.218 [main] INFO  o.s.boot.web.embedded.tomcat.TomcatWebServer - Tomcat started on port(s): 8080 (http) with context path ''
2021-03-08 10:45:38.234 [main] INFO  com.demo.parking_access.ParkingAccessApplication - Started ParkingAccessApplication in 2.184 seconds (JVM running for 3.785)
2021-03-08 10:45:41.535 [http-nio-8080-exec-1] INFO  o.a.c.core.ContainerBase.[Tomcat].[localhost].[/] - Initializing Spring DispatcherServlet 'dispatcherServlet'
2021-03-08 10:45:41.535 [http-nio-8080-exec-1] INFO  org.springframework.web.servlet.DispatcherServlet - Initializing Servlet 'dispatcherServlet'
2021-03-08 10:45:41.539 [http-nio-8080-exec-1] INFO  org.springframework.web.servlet.DispatcherServlet - Completed initialization in 4 ms
2021-03-08 10:45:41.579 [http-nio-8080-exec-1] INFO  com.demo.parking_access.controller.ParkHandover - ---执行登录---name:muyunpassword:123456
2021-03-08 10:45:41.591 [http-nio-8080-exec-1] INFO  com.zaxxer.hikari.HikariDataSource - HikariPool-1 - Starting...
2021-03-08 10:45:41.880 [http-nio-8080-exec-1] INFO  com.zaxxer.hikari.HikariDataSource - HikariPool-1 - Start completed.
2021-03-08 10:45:42.367 [http-nio-8080-exec-2] INFO  com.demo.parking_access.controller.ParkHandover - ---执行查找剩余车位---
2021-03-08 10:45:42.383 [http-nio-8080-exec-2] INFO  com.demo.parking_access.controller.ParkHandover - uuid：eN3423NwQ1
2021-03-08 10:45:45.491 [http-nio-8080-exec-3] INFO  com.demo.parking_access.controller.ParkHandover - picUrlhttp://muyun-park.oss-cn-hangzhou.aliyuncs.com/p31010012/in/2021-03-08/10/蓝色_赣FD9688_20210308104545257.jpglicense:{"license":"赣FD9688","color":"na","confidence":1.0082672119140625}gateuuid:ru8j1E9vLCtime:1615171545parkid:p31010012picUrl:http://muyun-park.oss-cn-hangzhou.aliyuncs.com/p31010012/in/2021-03-08/10/蓝色_赣FD9688_20210308104545257.jpg
2021-03-08 10:45:45.540 [http-nio-8080-exec-3] INFO  com.demo.parking_access.controller.ParkHandover - license:赣FD9688
2021-03-08 10:45:46.030 [http-nio-8080-exec-5] INFO  com.demo.parking_access.controller.ParkHandover - ---执行查找剩余车位---
2021-03-08 10:45:46.043 [http-nio-8080-exec-5] INFO  com.demo.parking_access.controller.ParkHandover - uuid：eN3423NwQ1
2021-03-08 10:45:47.310 [http-nio-8080-exec-4] INFO  com.demo.parking_access.controller.ParkHandover - {"wuLicense":"","address":"","payTime":0,"openId":"","uuid":"BECEF8822278437F89282D6E911447C8","version":0,"parkid":"eN3423NwQ1","orgUuid":"eN3423NwQ1","license":"赣FD9688","picUrl":"http://muyun-park.oss-cn-hangzhou.aliyuncs.com/p31010012/in/2021-03-08/10/蓝色_赣FD9688_20210308104545257.jpg","carType":4,"gateUuid":"ru8j1E9vLC","time":1615171545}
2021-03-08 10:45:47.422 [http-nio-8080-exec-4] INFO  com.demo.parking_access.controller.ParkHandover - 2021-03-08 10:45:47 [billing]-总停车时间：5.555555555555556E-4
2021-03-08 10:45:47.423 [http-nio-8080-exec-4] INFO  com.demo.parking_access.controller.ParkHandover - freeTimeUnit:0
2021-03-08 10:45:47.423 [http-nio-8080-exec-4] INFO  com.demo.parking_access.controller.ParkHandover - 2021-03-08 10:45:47余小时：0
2021-03-08 10:45:47.423 [http-nio-8080-exec-4] INFO  com.demo.parking_access.controller.ParkHandover - 天数金额:0.0
2021-03-08 10:45:47.423 [http-nio-8080-exec-4] INFO  com.demo.parking_access.controller.ParkHandover - 计算分钟:0.03333333333333333
2021-03-08 10:45:47.423 [http-nio-8080-exec-4] INFO  com.demo.parking_access.controller.ParkHandover - 出场小时单位：10
2021-03-08 10:45:47.436 [http-nio-8080-exec-4] INFO  com.demo.parking_access.controller.ParkHandover - feeplanUuid:86A20AD83A414547AEB94DC4EB1B79EEamount:500.0
2021-03-08 10:45:47.436 [http-nio-8080-exec-4] INFO  com.demo.parking_access.controller.ParkHandover - 多余分钟按日间或夜间金额:500.0
2021-03-08 10:45:47.448 [http-nio-8080-exec-4] INFO  com.demo.parking_access.controller.ParkHandover - 经过收费方案的钱:0.0
2021-03-08 10:45:47.448 [http-nio-8080-exec-4] INFO  com.demo.parking_access.controller.ParkHandover - 总金额:500.0不超出一天的金额:500.0不超过一小时的金额:500.0
2021-03-08 10:45:47.495 [http-nio-8080-exec-4] INFO  com.demo.parking_access.controller.ParkHandover - carOut-CarType-4 -> 不能支付amout:5.0
2021-03-08 10:45:58.497 [http-nio-8080-exec-8] INFO  com.demo.parking_access.controller.ParkHandover - ---执行查找剩余车位---
2021-03-08 10:45:58.521 [http-nio-8080-exec-8] INFO  com.demo.parking_access.controller.ParkHandover - uuid：eN3423NwQ1
2021-03-08 10:46:02.977 [http-nio-8080-exec-9] INFO  com.demo.parking_access.controller.ParkHandover - {"wuLicense":"","address":"","payTime":0,"openId":"","uuid":"BECEF8822278437F89282D6E911447C8","version":0,"parkid":"eN3423NwQ1","orgUuid":"eN3423NwQ1","license":"赣FD9688","picUrl":"http://muyun-park.oss-cn-hangzhou.aliyuncs.com/p31010012/in/2021-03-08/10/蓝色_赣FD9688_20210308104545257.jpg","carType":4,"gateUuid":"ru8j1E9vLC","time":1615171545}
2021-03-08 10:46:03.108 [http-nio-8080-exec-9] INFO  com.demo.parking_access.controller.ParkHandover - 2021-03-08 10:46:03 [billing]-总停车时间：0.005
2021-03-08 10:46:03.108 [http-nio-8080-exec-9] INFO  com.demo.parking_access.controller.ParkHandover - freeTimeUnit:0
2021-03-08 10:46:03.108 [http-nio-8080-exec-9] INFO  com.demo.parking_access.controller.ParkHandover - 2021-03-08 10:46:03余小时：0
2021-03-08 10:46:03.108 [http-nio-8080-exec-9] INFO  com.demo.parking_access.controller.ParkHandover - 天数金额:0.0
2021-03-08 10:46:03.109 [http-nio-8080-exec-9] INFO  com.demo.parking_access.controller.ParkHandover - 计算分钟:0.3
2021-03-08 10:46:03.109 [http-nio-8080-exec-9] INFO  com.demo.parking_access.controller.ParkHandover - 出场小时单位：10
2021-03-08 10:46:03.133 [http-nio-8080-exec-9] INFO  com.demo.parking_access.controller.ParkHandover - feeplanUuid:86A20AD83A414547AEB94DC4EB1B79EEamount:500.0
2021-03-08 10:46:03.133 [http-nio-8080-exec-9] INFO  com.demo.parking_access.controller.ParkHandover - 多余分钟按日间或夜间金额:500.0
2021-03-08 10:46:03.144 [http-nio-8080-exec-9] INFO  com.demo.parking_access.controller.ParkHandover - 经过收费方案的钱:0.0
2021-03-08 10:46:03.144 [http-nio-8080-exec-9] INFO  com.demo.parking_access.controller.ParkHandover - 总金额:500.0不超出一天的金额:500.0不超过一小时的金额:500.0
2021-03-08 10:46:03.287 [http-nio-8080-exec-9] INFO  com.demo.parking_access.controller.ParkHandover - carOut-CarType-4 -> redis时间小于3分钟 amount:5.0
2021-03-08 10:46:03.308 [http-nio-8080-exec-10] INFO  com.demo.parking_access.controller.ParkHandover - ---执行查找剩余车位---
2021-03-08 10:46:03.324 [http-nio-8080-exec-10] INFO  com.demo.parking_access.controller.ParkHandover - uuid：eN3423NwQ1
2021-03-08 10:46:18.776 [main] INFO  com.demo.parking_access.ParkingAccessApplication - Starting ParkingAccessApplication on DESKTOP-4IL9A7A with PID 16028 (F:\parking_access\target\classes started by Yang in F:\parking_access)
2021-03-08 10:46:18.783 [main] INFO  com.demo.parking_access.ParkingAccessApplication - No active profile set, falling back to default profiles: default
2021-03-08 10:46:19.223 [main] INFO  o.s.d.r.config.RepositoryConfigurationDelegate - Multiple Spring Data modules found, entering strict repository configuration mode!
2021-03-08 10:46:19.225 [main] INFO  o.s.d.r.config.RepositoryConfigurationDelegate - Bootstrapping Spring Data Redis repositories in DEFAULT mode.
2021-03-08 10:46:19.243 [main] INFO  o.s.d.r.config.RepositoryConfigurationDelegate - Finished Spring Data repository scanning in 7ms. Found 0 Redis repository interfaces.
2021-03-08 10:46:19.603 [main] INFO  o.s.boot.web.embedded.tomcat.TomcatWebServer - Tomcat initialized with port(s): 8080 (http)
2021-03-08 10:46:19.609 [main] INFO  org.apache.coyote.http11.Http11NioProtocol - Initializing ProtocolHandler ["http-nio-8080"]
2021-03-08 10:46:19.609 [main] INFO  org.apache.catalina.core.StandardService - Starting service [Tomcat]
2021-03-08 10:46:19.609 [main] INFO  org.apache.catalina.core.StandardEngine - Starting Servlet engine: [Apache Tomcat/9.0.31]
2021-03-08 10:46:19.721 [main] INFO  o.a.c.core.ContainerBase.[Tomcat].[localhost].[/] - Initializing Spring embedded WebApplicationContext
2021-03-08 10:46:19.721 [main] INFO  org.springframework.web.context.ContextLoader - Root WebApplicationContext: initialization completed in 913 ms
2021-03-08 10:46:20.185 [main] INFO  o.s.scheduling.concurrent.ThreadPoolTaskExecutor - Initializing ExecutorService 'applicationTaskExecutor'
2021-03-08 10:46:20.260 [main] WARN  o.s.b.a.t.ThymeleafAutoConfiguration$DefaultTemplateResolverConfiguration - Cannot find template location: classpath:/templates/ (please add some templates or check your Thymeleaf configuration)
2021-03-08 10:46:20.514 [main] INFO  org.quartz.impl.StdSchedulerFactory - Using default implementation for ThreadExecutor
2021-03-08 10:46:20.521 [main] INFO  org.quartz.core.SchedulerSignalerImpl - Initialized Scheduler Signaller of type: class org.quartz.core.SchedulerSignalerImpl
2021-03-08 10:46:20.521 [main] INFO  org.quartz.core.QuartzScheduler - Quartz Scheduler v.2.3.2 created.
2021-03-08 10:46:20.522 [main] INFO  org.quartz.simpl.RAMJobStore - RAMJobStore initialized.
2021-03-08 10:46:20.522 [main] INFO  org.quartz.core.QuartzScheduler - Scheduler meta-data: Quartz Scheduler (v2.3.2) 'quartzScheduler' with instanceId 'NON_CLUSTERED'
  Scheduler class: 'org.quartz.core.QuartzScheduler' - running locally.
  NOT STARTED.
  Currently in standby mode.
  Number of jobs executed: 0
  Using thread pool 'org.quartz.simpl.SimpleThreadPool' - with 10 threads.
  Using job-store 'org.quartz.simpl.RAMJobStore' - which does not support persistence. and is not clustered.

2021-03-08 10:46:20.522 [main] INFO  org.quartz.impl.StdSchedulerFactory - Quartz scheduler 'quartzScheduler' initialized from an externally provided properties instance.
2021-03-08 10:46:20.522 [main] INFO  org.quartz.impl.StdSchedulerFactory - Quartz scheduler version: 2.3.2
2021-03-08 10:46:20.522 [main] INFO  org.quartz.core.QuartzScheduler - JobFactory set to: org.springframework.scheduling.quartz.SpringBeanJobFactory@1cdc1bbc
2021-03-08 10:46:20.542 [main] INFO  o.s.scheduling.quartz.SchedulerFactoryBean - Starting Quartz Scheduler now
2021-03-08 10:46:20.542 [main] INFO  org.quartz.core.QuartzScheduler - Scheduler quartzScheduler_$_NON_CLUSTERED started.
2021-03-08 10:46:20.546 [main] INFO  org.apache.coyote.http11.Http11NioProtocol - Starting ProtocolHandler ["http-nio-8080"]
2021-03-08 10:46:20.564 [main] INFO  o.s.boot.web.embedded.tomcat.TomcatWebServer - Tomcat started on port(s): 8080 (http) with context path ''
2021-03-08 10:46:20.566 [main] INFO  com.demo.parking_access.ParkingAccessApplication - Started ParkingAccessApplication in 1.98 seconds (JVM running for 3.656)
2021-03-08 10:46:22.773 [http-nio-8080-exec-1] INFO  o.a.c.core.ContainerBase.[Tomcat].[localhost].[/] - Initializing Spring DispatcherServlet 'dispatcherServlet'
2021-03-08 10:46:22.773 [http-nio-8080-exec-1] INFO  org.springframework.web.servlet.DispatcherServlet - Initializing Servlet 'dispatcherServlet'
2021-03-08 10:46:22.778 [http-nio-8080-exec-1] INFO  org.springframework.web.servlet.DispatcherServlet - Completed initialization in 5 ms
2021-03-08 10:46:22.818 [http-nio-8080-exec-1] INFO  com.demo.parking_access.controller.ParkHandover - ---执行登录---name:muyunpassword:123456
2021-03-08 10:46:22.831 [http-nio-8080-exec-1] INFO  com.zaxxer.hikari.HikariDataSource - HikariPool-1 - Starting...
2021-03-08 10:46:23.273 [http-nio-8080-exec-1] INFO  com.zaxxer.hikari.HikariDataSource - HikariPool-1 - Start completed.
2021-03-08 10:46:23.743 [http-nio-8080-exec-4] INFO  com.demo.parking_access.controller.ParkHandover - ---执行查找剩余车位---
2021-03-08 10:46:23.758 [http-nio-8080-exec-4] INFO  com.demo.parking_access.controller.ParkHandover - uuid：eN3423NwQ1
2021-03-08 10:46:33.177 [http-nio-8080-exec-3] INFO  com.demo.parking_access.controller.ParkHandover - picUrlhttp://muyun-park.oss-cn-hangzhou.aliyuncs.com/p31010012/in/2021-03-08/10/蓝色_赣FD9688_20210308104632938.jpglicense:{"license":"赣FD9688","color":"na","confidence":1.0048919677734376}gateuuid:ru8j1E9vLCtime:1615171592parkid:p31010012picUrl:http://muyun-park.oss-cn-hangzhou.aliyuncs.com/p31010012/in/2021-03-08/10/蓝色_赣FD9688_20210308104632938.jpg
2021-03-08 10:46:33.250 [http-nio-8080-exec-3] INFO  com.demo.parking_access.controller.ParkHandover - license:赣FD9688
2021-03-08 10:46:33.689 [http-nio-8080-exec-7] INFO  com.demo.parking_access.controller.ParkHandover - ---执行查找剩余车位---
2021-03-08 10:46:33.706 [http-nio-8080-exec-7] INFO  com.demo.parking_access.controller.ParkHandover - uuid：eN3423NwQ1
2021-03-08 10:46:35.048 [http-nio-8080-exec-10] INFO  com.demo.parking_access.controller.ParkHandover - {"wuLicense":"","address":"","payTime":0,"openId":"","uuid":"39ECB451A81E44F69057BE9FA6B32C22","version":0,"parkid":"eN3423NwQ1","orgUuid":"eN3423NwQ1","license":"赣FD9688","picUrl":"http://muyun-park.oss-cn-hangzhou.aliyuncs.com/p31010012/in/2021-03-08/10/蓝色_赣FD9688_20210308104632938.jpg","carType":4,"gateUuid":"ru8j1E9vLC","time":1615171593}
2021-03-08 10:46:35.184 [http-nio-8080-exec-10] INFO  com.demo.parking_access.controller.ParkHandover - 2021-03-08 10:46:35 [billing]-总停车时间：5.555555555555556E-4
2021-03-08 10:46:35.184 [http-nio-8080-exec-10] INFO  com.demo.parking_access.controller.ParkHandover - freeTimeUnit:0
2021-03-08 10:46:35.184 [http-nio-8080-exec-10] INFO  com.demo.parking_access.controller.ParkHandover - 2021-03-08 10:46:35余小时：0
2021-03-08 10:46:35.184 [http-nio-8080-exec-10] INFO  com.demo.parking_access.controller.ParkHandover - 天数金额:0.0
2021-03-08 10:46:35.184 [http-nio-8080-exec-10] INFO  com.demo.parking_access.controller.ParkHandover - 计算分钟:0.03333333333333333
2021-03-08 10:46:35.185 [http-nio-8080-exec-10] INFO  com.demo.parking_access.controller.ParkHandover - 出场小时单位：10
2021-03-08 10:46:35.201 [http-nio-8080-exec-10] INFO  com.demo.parking_access.controller.ParkHandover - feeplanUuid:86A20AD83A414547AEB94DC4EB1B79EEamount:500.0
2021-03-08 10:46:35.201 [http-nio-8080-exec-10] INFO  com.demo.parking_access.controller.ParkHandover - 多余分钟按日间或夜间金额:500.0
2021-03-08 10:46:35.223 [http-nio-8080-exec-10] INFO  com.demo.parking_access.controller.ParkHandover - 经过收费方案的钱:0.0
2021-03-08 10:46:35.223 [http-nio-8080-exec-10] INFO  com.demo.parking_access.controller.ParkHandover - 总金额:500.0不超出一天的金额:500.0不超过一小时的金额:500.0
2021-03-08 10:46:35.271 [http-nio-8080-exec-10] INFO  com.demo.parking_access.controller.ParkHandover - carOut-CarType-4 -> 不能支付amout:5.0
2021-03-08 10:46:36.459 [http-nio-8080-exec-6] INFO  com.demo.parking_access.controller.ParkHandover - sMN59oy5vm
2021-03-08 10:46:36.672 [http-nio-8080-exec-6] INFO  com.demo.parking_access.controller.ParkHandover - 2021-03-08 10:46:36 [billing]-总停车时间：8.333333333333334E-4
2021-03-08 10:46:36.672 [http-nio-8080-exec-6] INFO  com.demo.parking_access.controller.ParkHandover - freeTimeUnit:0
2021-03-08 10:46:36.672 [http-nio-8080-exec-6] INFO  com.demo.parking_access.controller.ParkHandover - 2021-03-08 10:46:36余小时：0
2021-03-08 10:46:36.672 [http-nio-8080-exec-6] INFO  com.demo.parking_access.controller.ParkHandover - 天数金额:0.0
2021-03-08 10:46:36.672 [http-nio-8080-exec-6] INFO  com.demo.parking_access.controller.ParkHandover - 计算分钟:0.05
2021-03-08 10:46:36.673 [http-nio-8080-exec-6] INFO  com.demo.parking_access.controller.ParkHandover - 出场小时单位：10
2021-03-08 10:46:36.689 [http-nio-8080-exec-6] INFO  com.demo.parking_access.controller.ParkHandover - feeplanUuid:476BD17C10E54B99B1BDEE6A61B3118Bamount:10.0
2021-03-08 10:46:36.689 [http-nio-8080-exec-6] INFO  com.demo.parking_access.controller.ParkHandover - 多余分钟按日间或夜间金额:10.0
2021-03-08 10:46:36.704 [http-nio-8080-exec-6] INFO  com.demo.parking_access.controller.ParkHandover - -------进入阶梯-------
2021-03-08 10:46:36.705 [http-nio-8080-exec-6] INFO  com.demo.parking_access.controller.ParkHandover - 分钟0.05
2021-03-08 10:46:36.705 [http-nio-8080-exec-6] INFO  com.demo.parking_access.controller.ParkHandover - 1000.00
2021-03-08 10:46:36.705 [http-nio-8080-exec-6] INFO  com.demo.parking_access.controller.ParkHandover - 经过收费方案的钱:10.0
2021-03-08 10:46:36.705 [http-nio-8080-exec-6] INFO  com.demo.parking_access.controller.ParkHandover - 总金额:10.0不超出一天的金额:10.0不超过一小时的金额:0.0
2021-03-08 10:46:36.730 [http-nio-8080-exec-6] INFO  com.demo.parking_access.controller.ParkHandover - 2021-03-08 10:46:36 [billing]-总停车时间：8.333333333333334E-4
2021-03-08 10:46:36.730 [http-nio-8080-exec-6] INFO  com.demo.parking_access.controller.ParkHandover - freeTimeUnit:0
2021-03-08 10:46:36.730 [http-nio-8080-exec-6] INFO  com.demo.parking_access.controller.ParkHandover - 2021-03-08 10:46:36余小时：0
2021-03-08 10:46:36.730 [http-nio-8080-exec-6] INFO  com.demo.parking_access.controller.ParkHandover - 天数金额:0.0
2021-03-08 10:46:36.730 [http-nio-8080-exec-6] INFO  com.demo.parking_access.controller.ParkHandover - 计算分钟:0.05
2021-03-08 10:46:36.730 [http-nio-8080-exec-6] INFO  com.demo.parking_access.controller.ParkHandover - 出场小时单位：10
2021-03-08 10:46:36.751 [http-nio-8080-exec-6] INFO  com.demo.parking_access.controller.ParkHandover - feeplanUuid:CBD80AEACD4347928A20B6605DAB7F21amount:200.0
2021-03-08 10:46:36.751 [http-nio-8080-exec-6] INFO  com.demo.parking_access.controller.ParkHandover - 多余分钟按日间或夜间金额:200.0
2021-03-08 10:46:36.766 [http-nio-8080-exec-6] INFO  com.demo.parking_access.controller.ParkHandover - -------进入阶梯-------
2021-03-08 10:46:36.766 [http-nio-8080-exec-6] INFO  com.demo.parking_access.controller.ParkHandover - 分钟0.05
2021-03-08 10:46:36.766 [http-nio-8080-exec-6] INFO  com.demo.parking_access.controller.ParkHandover - 100.00
2021-03-08 10:46:36.766 [http-nio-8080-exec-6] INFO  com.demo.parking_access.controller.ParkHandover - 经过收费方案的钱:200.0
2021-03-08 10:46:36.766 [http-nio-8080-exec-6] INFO  com.demo.parking_access.controller.ParkHandover - 总金额:200.0不超出一天的金额:200.0不超过一小时的金额:0.0
2021-03-08 10:46:36.784 [http-nio-8080-exec-6] INFO  com.demo.parking_access.controller.ParkHandover - 2021-03-08 10:46:36 [billing]-总停车时间：8.333333333333334E-4
2021-03-08 10:46:36.784 [http-nio-8080-exec-6] INFO  com.demo.parking_access.controller.ParkHandover - freeTimeUnit:0
2021-03-08 10:46:36.784 [http-nio-8080-exec-6] INFO  com.demo.parking_access.controller.ParkHandover - 2021-03-08 10:46:36余小时：0
2021-03-08 10:46:36.785 [http-nio-8080-exec-6] INFO  com.demo.parking_access.controller.ParkHandover - 天数金额:0.0
2021-03-08 10:46:36.785 [http-nio-8080-exec-6] INFO  com.demo.parking_access.controller.ParkHandover - 计算分钟:0.05
2021-03-08 10:46:36.785 [http-nio-8080-exec-6] INFO  com.demo.parking_access.controller.ParkHandover - 出场小时单位：10
2021-03-08 10:46:36.801 [http-nio-8080-exec-6] INFO  com.demo.parking_access.controller.ParkHandover - feeplanUuid:86A20AD83A414547AEB94DC4EB1B79EEamount:500.0
2021-03-08 10:46:36.801 [http-nio-8080-exec-6] INFO  com.demo.parking_access.controller.ParkHandover - 多余分钟按日间或夜间金额:500.0
2021-03-08 10:46:36.823 [http-nio-8080-exec-6] INFO  com.demo.parking_access.controller.ParkHandover - 经过收费方案的钱:0.0
2021-03-08 10:46:36.823 [http-nio-8080-exec-6] INFO  com.demo.parking_access.controller.ParkHandover - 总金额:500.0不超出一天的金额:500.0不超过一小时的金额:500.0
2021-03-08 10:46:36.823 [http-nio-8080-exec-6] INFO  com.demo.parking_access.controller.ParkHandover - --------------------------------------5.0
2021-03-08 10:46:41.076 [http-nio-8080-exec-8] INFO  com.demo.parking_access.controller.ParkHandover - ---执行查找剩余车位---
2021-03-08 10:46:41.107 [http-nio-8080-exec-8] INFO  com.demo.parking_access.controller.ParkHandover - uuid：eN3423NwQ1
2021-03-08 10:46:41.346 [http-nio-8080-exec-2] INFO  com.demo.parking_access.controller.ParkHandover - {"wuLicense":"","address":"","payTime":0,"openId":"","uuid":"39ECB451A81E44F69057BE9FA6B32C22","version":0,"parkid":"eN3423NwQ1","orgUuid":"eN3423NwQ1","license":"赣FD9688","picUrl":"http://muyun-park.oss-cn-hangzhou.aliyuncs.com/p31010012/in/2021-03-08/10/蓝色_赣FD9688_20210308104632938.jpg","carType":4,"gateUuid":"ru8j1E9vLC","time":1615171593}
2021-03-08 10:46:41.485 [http-nio-8080-exec-2] INFO  com.demo.parking_access.controller.ParkHandover - 2021-03-08 10:46:41 [billing]-总停车时间：0.0022222222222222222
2021-03-08 10:46:41.485 [http-nio-8080-exec-2] INFO  com.demo.parking_access.controller.ParkHandover - freeTimeUnit:0
2021-03-08 10:46:41.485 [http-nio-8080-exec-2] INFO  com.demo.parking_access.controller.ParkHandover - 2021-03-08 10:46:41余小时：0
2021-03-08 10:46:41.485 [http-nio-8080-exec-2] INFO  com.demo.parking_access.controller.ParkHandover - 天数金额:0.0
2021-03-08 10:46:41.485 [http-nio-8080-exec-2] INFO  com.demo.parking_access.controller.ParkHandover - 计算分钟:0.13333333333333333
2021-03-08 10:46:41.486 [http-nio-8080-exec-2] INFO  com.demo.parking_access.controller.ParkHandover - 出场小时单位：10
2021-03-08 10:46:41.503 [http-nio-8080-exec-2] INFO  com.demo.parking_access.controller.ParkHandover - feeplanUuid:86A20AD83A414547AEB94DC4EB1B79EEamount:500.0
2021-03-08 10:46:41.503 [http-nio-8080-exec-2] INFO  com.demo.parking_access.controller.ParkHandover - 多余分钟按日间或夜间金额:500.0
2021-03-08 10:46:41.520 [http-nio-8080-exec-2] INFO  com.demo.parking_access.controller.ParkHandover - 经过收费方案的钱:0.0
2021-03-08 10:46:41.521 [http-nio-8080-exec-2] INFO  com.demo.parking_access.controller.ParkHandover - 总金额:500.0不超出一天的金额:500.0不超过一小时的金额:500.0
2021-03-08 10:46:41.656 [http-nio-8080-exec-2] INFO  com.demo.parking_access.controller.ParkHandover - carOut-CarType-4 -> redis时间小于3分钟 amount:5.0
2021-03-08 10:46:42.649 [http-nio-8080-exec-9] INFO  com.demo.parking_access.controller.ParkHandover - cashPay.ss ->4---eN3423NwQ1------赣FD9688
2021-03-08 10:46:42.740 [http-nio-8080-exec-9] INFO  com.demo.parking_access.controller.ParkHandover - carOut-CarType-4 -> 进场:1615171593出场：1615171594
2021-03-08 10:46:42.741 [http-nio-8080-exec-9] INFO  com.demo.parking_access.controller.ParkHandover - carOut-CarType-4 -> 不足一天剩余缓存：86399到期时间：1615257993
2021-03-08 10:46:43.031 [http-nio-8080-exec-9] INFO  com.demo.parking_access.controller.ParkHandover - 人工收费记录:1--1--1
2021-03-08 10:46:43.085 [http-nio-8080-exec-5] INFO  com.demo.parking_access.controller.ParkHandover - ---执行查找剩余车位---
2021-03-08 10:46:43.103 [http-nio-8080-exec-5] INFO  com.demo.parking_access.controller.ParkHandover - uuid：eN3423NwQ1
2021-03-08 10:46:56.760 [http-nio-8080-exec-4] INFO  com.demo.parking_access.controller.ParkHandover - picUrlhttp://muyun-park.oss-cn-hangzhou.aliyuncs.com/p31010012/in/2021-03-08/10/蓝色_沪EC9656_20210308104656524.jpglicense:{"license":"沪EC9656","color":"na","confidence":1.008953857421875}gateuuid:ru8j1E9vLCtime:1615171616parkid:p31010012picUrl:http://muyun-park.oss-cn-hangzhou.aliyuncs.com/p31010012/in/2021-03-08/10/蓝色_沪EC9656_20210308104656524.jpg
2021-03-08 10:46:56.809 [http-nio-8080-exec-4] INFO  com.demo.parking_access.controller.ParkHandover - license:沪EC9656
2021-03-08 10:46:56.918 [http-nio-8080-exec-4] INFO  com.demo.parking_access.controller.ParkHandover - CarEnter->Redis：eN3423NwQ1
2021-03-08 10:46:57.043 [http-nio-8080-exec-3] INFO  com.demo.parking_access.controller.ParkHandover - ---执行查找剩余车位---
2021-03-08 10:46:57.060 [http-nio-8080-exec-3] INFO  com.demo.parking_access.controller.ParkHandover - uuid：eN3423NwQ1
2021-03-08 10:46:59.039 [http-nio-8080-exec-10] INFO  com.demo.parking_access.controller.ParkHandover - {"wuLicense":"","address":"","payTime":0,"openId":"","uuid":"E4744ECF15294FA0955B9444A38E2352","version":0,"parkid":"eN3423NwQ1","orgUuid":"eN3423NwQ1","license":"沪EC9656","picUrl":"http://muyun-park.oss-cn-hangzhou.aliyuncs.com/p31010012/in/2021-03-08/10/蓝色_沪EC9656_20210308104656524.jpg","carType":1,"gateUuid":"ru8j1E9vLC","time":1615171616}
2021-03-08 10:46:59.194 [http-nio-8080-exec-10] INFO  com.demo.parking_access.controller.ParkHandover - 2021-03-08 10:46:59 [billing]-总停车时间：8.333333333333334E-4
2021-03-08 10:46:59.194 [http-nio-8080-exec-10] INFO  com.demo.parking_access.controller.ParkHandover - freeTimeUnit:0
2021-03-08 10:46:59.194 [http-nio-8080-exec-10] INFO  com.demo.parking_access.controller.ParkHandover - 2021-03-08 10:46:59余小时：0
2021-03-08 10:46:59.194 [http-nio-8080-exec-10] INFO  com.demo.parking_access.controller.ParkHandover - 天数金额:0.0
2021-03-08 10:46:59.194 [http-nio-8080-exec-10] INFO  com.demo.parking_access.controller.ParkHandover - 计算分钟:0.05
2021-03-08 10:46:59.194 [http-nio-8080-exec-10] INFO  com.demo.parking_access.controller.ParkHandover - 出场小时单位：10
2021-03-08 10:46:59.210 [http-nio-8080-exec-10] INFO  com.demo.parking_access.controller.ParkHandover - feeplanUuid:476BD17C10E54B99B1BDEE6A61B3118Bamount:10.0
2021-03-08 10:46:59.210 [http-nio-8080-exec-10] INFO  com.demo.parking_access.controller.ParkHandover - 多余分钟按日间或夜间金额:10.0
2021-03-08 10:46:59.227 [http-nio-8080-exec-10] INFO  com.demo.parking_access.controller.ParkHandover - -------进入阶梯-------
2021-03-08 10:46:59.227 [http-nio-8080-exec-10] INFO  com.demo.parking_access.controller.ParkHandover - 分钟0.05
2021-03-08 10:46:59.227 [http-nio-8080-exec-10] INFO  com.demo.parking_access.controller.ParkHandover - 1000.00
2021-03-08 10:46:59.227 [http-nio-8080-exec-10] INFO  com.demo.parking_access.controller.ParkHandover - 经过收费方案的钱:10.0
2021-03-08 10:46:59.227 [http-nio-8080-exec-10] INFO  com.demo.parking_access.controller.ParkHandover - 总金额:10.0不超出一天的金额:10.0不超过一小时的金额:0.0
2021-03-08 10:46:59.228 [http-nio-8080-exec-10] INFO  com.demo.parking_access.controller.ParkHandover - 需支付金额:0.1
2021-03-08 10:47:00.357 [http-nio-8080-exec-6] INFO  com.demo.parking_access.controller.ParkHandover - sMN59oy5vm
2021-03-08 10:47:00.583 [http-nio-8080-exec-6] INFO  com.demo.parking_access.controller.ParkHandover - 2021-03-08 10:47:00 [billing]-总停车时间：0.0011111111111111111
2021-03-08 10:47:00.583 [http-nio-8080-exec-6] INFO  com.demo.parking_access.controller.ParkHandover - freeTimeUnit:0
2021-03-08 10:47:00.583 [http-nio-8080-exec-6] INFO  com.demo.parking_access.controller.ParkHandover - 2021-03-08 10:47:00余小时：0
2021-03-08 10:47:00.583 [http-nio-8080-exec-6] INFO  com.demo.parking_access.controller.ParkHandover - 天数金额:0.0
2021-03-08 10:47:00.583 [http-nio-8080-exec-6] INFO  com.demo.parking_access.controller.ParkHandover - 计算分钟:0.06666666666666667
2021-03-08 10:47:00.583 [http-nio-8080-exec-6] INFO  com.demo.parking_access.controller.ParkHandover - 出场小时单位：10
2021-03-08 10:47:00.597 [http-nio-8080-exec-6] INFO  com.demo.parking_access.controller.ParkHandover - feeplanUuid:476BD17C10E54B99B1BDEE6A61B3118Bamount:10.0
2021-03-08 10:47:00.597 [http-nio-8080-exec-6] INFO  com.demo.parking_access.controller.ParkHandover - 多余分钟按日间或夜间金额:10.0
2021-03-08 10:47:00.614 [http-nio-8080-exec-6] INFO  com.demo.parking_access.controller.ParkHandover - -------进入阶梯-------
2021-03-08 10:47:00.614 [http-nio-8080-exec-6] INFO  com.demo.parking_access.controller.ParkHandover - 分钟0.06666666666666667
2021-03-08 10:47:00.614 [http-nio-8080-exec-6] INFO  com.demo.parking_access.controller.ParkHandover - 1000.00
2021-03-08 10:47:00.614 [http-nio-8080-exec-6] INFO  com.demo.parking_access.controller.ParkHandover - 经过收费方案的钱:10.0
2021-03-08 10:47:00.614 [http-nio-8080-exec-6] INFO  com.demo.parking_access.controller.ParkHandover - 总金额:10.0不超出一天的金额:10.0不超过一小时的金额:0.0
2021-03-08 10:47:00.614 [http-nio-8080-exec-6] INFO  com.demo.parking_access.controller.ParkHandover - 储值集合查询为空
2021-03-08 10:47:00.635 [http-nio-8080-exec-6] INFO  com.demo.parking_access.controller.ParkHandover - 2021-03-08 10:47:00 [billing]-总停车时间：0.0011111111111111111
2021-03-08 10:47:00.635 [http-nio-8080-exec-6] INFO  com.demo.parking_access.controller.ParkHandover - freeTimeUnit:0
2021-03-08 10:47:00.635 [http-nio-8080-exec-6] INFO  com.demo.parking_access.controller.ParkHandover - 2021-03-08 10:47:00余小时：0
2021-03-08 10:47:00.635 [http-nio-8080-exec-6] INFO  com.demo.parking_access.controller.ParkHandover - 天数金额:0.0
2021-03-08 10:47:00.635 [http-nio-8080-exec-6] INFO  com.demo.parking_access.controller.ParkHandover - 计算分钟:0.06666666666666667
2021-03-08 10:47:00.635 [http-nio-8080-exec-6] INFO  com.demo.parking_access.controller.ParkHandover - 出场小时单位：10
2021-03-08 10:47:00.651 [http-nio-8080-exec-6] INFO  com.demo.parking_access.controller.ParkHandover - feeplanUuid:CBD80AEACD4347928A20B6605DAB7F21amount:200.0
2021-03-08 10:47:00.652 [http-nio-8080-exec-6] INFO  com.demo.parking_access.controller.ParkHandover - 多余分钟按日间或夜间金额:200.0
2021-03-08 10:47:00.668 [http-nio-8080-exec-6] INFO  com.demo.parking_access.controller.ParkHandover - -------进入阶梯-------
2021-03-08 10:47:00.668 [http-nio-8080-exec-6] INFO  com.demo.parking_access.controller.ParkHandover - 分钟0.06666666666666667
2021-03-08 10:47:00.668 [http-nio-8080-exec-6] INFO  com.demo.parking_access.controller.ParkHandover - 100.00
2021-03-08 10:47:00.668 [http-nio-8080-exec-6] INFO  com.demo.parking_access.controller.ParkHandover - 经过收费方案的钱:200.0
2021-03-08 10:47:00.668 [http-nio-8080-exec-6] INFO  com.demo.parking_access.controller.ParkHandover - 总金额:200.0不超出一天的金额:200.0不超过一小时的金额:0.0
2021-03-08 10:47:00.689 [http-nio-8080-exec-6] INFO  com.demo.parking_access.controller.ParkHandover - 2021-03-08 10:47:00 [billing]-总停车时间：0.0011111111111111111
2021-03-08 10:47:00.689 [http-nio-8080-exec-6] INFO  com.demo.parking_access.controller.ParkHandover - freeTimeUnit:0
2021-03-08 10:47:00.689 [http-nio-8080-exec-6] INFO  com.demo.parking_access.controller.ParkHandover - 2021-03-08 10:47:00余小时：0
2021-03-08 10:47:00.689 [http-nio-8080-exec-6] INFO  com.demo.parking_access.controller.ParkHandover - 天数金额:0.0
2021-03-08 10:47:00.689 [http-nio-8080-exec-6] INFO  com.demo.parking_access.controller.ParkHandover - 计算分钟:0.06666666666666667
2021-03-08 10:47:00.689 [http-nio-8080-exec-6] INFO  com.demo.parking_access.controller.ParkHandover - 出场小时单位：10
2021-03-08 10:47:00.703 [http-nio-8080-exec-6] INFO  com.demo.parking_access.controller.ParkHandover - feeplanUuid:86A20AD83A414547AEB94DC4EB1B79EEamount:500.0
2021-03-08 10:47:00.703 [http-nio-8080-exec-6] INFO  com.demo.parking_access.controller.ParkHandover - 多余分钟按日间或夜间金额:500.0
2021-03-08 10:47:00.726 [http-nio-8080-exec-6] INFO  com.demo.parking_access.controller.ParkHandover - 经过收费方案的钱:0.0
2021-03-08 10:47:00.726 [http-nio-8080-exec-6] INFO  com.demo.parking_access.controller.ParkHandover - 总金额:500.0不超出一天的金额:500.0不超过一小时的金额:500.0
2021-03-08 10:47:00.726 [http-nio-8080-exec-6] INFO  com.demo.parking_access.controller.ParkHandover - --------------------------------------0.1
2021-03-08 10:47:00.763 [http-nio-8080-exec-8] INFO  com.demo.parking_access.controller.ParkHandover - ---执行查找剩余车位---
2021-03-08 10:47:00.787 [http-nio-8080-exec-8] INFO  com.demo.parking_access.controller.ParkHandover - uuid：eN3423NwQ1
2021-03-08 10:47:01.060 [http-nio-8080-exec-2] INFO  com.demo.parking_access.controller.ParkHandover - {"wuLicense":"","address":"","payTime":0,"openId":"","uuid":"E4744ECF15294FA0955B9444A38E2352","version":0,"parkid":"eN3423NwQ1","orgUuid":"eN3423NwQ1","license":"沪EC9656","picUrl":"http://muyun-park.oss-cn-hangzhou.aliyuncs.com/p31010012/in/2021-03-08/10/蓝色_沪EC9656_20210308104656524.jpg","carType":1,"gateUuid":"ru8j1E9vLC","time":1615171616}
2021-03-08 10:47:01.157 [http-nio-8080-exec-2] INFO  com.demo.parking_access.controller.ParkHandover - 2021-03-08 10:47:01 [billing]-总停车时间：0.001388888888888889
2021-03-08 10:47:01.157 [http-nio-8080-exec-2] INFO  com.demo.parking_access.controller.ParkHandover - freeTimeUnit:0
2021-03-08 10:47:01.157 [http-nio-8080-exec-2] INFO  com.demo.parking_access.controller.ParkHandover - 2021-03-08 10:47:01余小时：0
2021-03-08 10:47:01.157 [http-nio-8080-exec-2] INFO  com.demo.parking_access.controller.ParkHandover - 天数金额:0.0
2021-03-08 10:47:01.157 [http-nio-8080-exec-2] INFO  com.demo.parking_access.controller.ParkHandover - 计算分钟:0.08333333333333334
2021-03-08 10:47:01.157 [http-nio-8080-exec-2] INFO  com.demo.parking_access.controller.ParkHandover - 出场小时单位：10
2021-03-08 10:47:01.180 [http-nio-8080-exec-2] INFO  com.demo.parking_access.controller.ParkHandover - feeplanUuid:476BD17C10E54B99B1BDEE6A61B3118Bamount:10.0
2021-03-08 10:47:01.180 [http-nio-8080-exec-2] INFO  com.demo.parking_access.controller.ParkHandover - 多余分钟按日间或夜间金额:10.0
2021-03-08 10:47:01.194 [http-nio-8080-exec-2] INFO  com.demo.parking_access.controller.ParkHandover - -------进入阶梯-------
2021-03-08 10:47:01.195 [http-nio-8080-exec-2] INFO  com.demo.parking_access.controller.ParkHandover - 分钟0.08333333333333334
2021-03-08 10:47:01.195 [http-nio-8080-exec-2] INFO  com.demo.parking_access.controller.ParkHandover - 1000.00
2021-03-08 10:47:01.195 [http-nio-8080-exec-2] INFO  com.demo.parking_access.controller.ParkHandover - 经过收费方案的钱:10.0
2021-03-08 10:47:01.195 [http-nio-8080-exec-2] INFO  com.demo.parking_access.controller.ParkHandover - 总金额:10.0不超出一天的金额:10.0不超过一小时的金额:0.0
2021-03-08 10:47:01.195 [http-nio-8080-exec-2] INFO  com.demo.parking_access.controller.ParkHandover - 需支付金额:0.1
2021-03-08 10:47:02.817 [http-nio-8080-exec-9] INFO  com.demo.parking_access.controller.ParkHandover - cashPay.ss ->1---eN3423NwQ1------沪EC9656
2021-03-08 10:47:03.144 [http-nio-8080-exec-9] INFO  com.demo.parking_access.controller.ParkHandover - 人工收费记录:1--1--1
2021-03-08 10:47:03.197 [http-nio-8080-exec-5] INFO  com.demo.parking_access.controller.ParkHandover - ---执行查找剩余车位---
2021-03-08 10:47:03.215 [http-nio-8080-exec-5] INFO  com.demo.parking_access.controller.ParkHandover - uuid：eN3423NwQ1
2021-03-08 10:47:04.573 [http-nio-8080-exec-4] INFO  com.demo.parking_access.controller.ParkHandover - ---执行查找剩余车位---
2021-03-08 10:47:04.587 [http-nio-8080-exec-4] INFO  com.demo.parking_access.controller.ParkHandover - uuid：eN3423NwQ1
2021-03-08 10:48:27.015 [http-nio-8080-exec-7] INFO  com.demo.parking_access.controller.ParkHandover - picUrlhttp://muyun-park.oss-cn-hangzhou.aliyuncs.com/p31010012/in/2021-03-08/10/蓝色_赣FD9688_20210308104826587.jpglicense:{"license":"赣FD9688","color":"na","confidence":1.00372314453125}gateuuid:ru8j1E9vLCtime:1615171706parkid:p31010012picUrl:http://muyun-park.oss-cn-hangzhou.aliyuncs.com/p31010012/in/2021-03-08/10/蓝色_赣FD9688_20210308104826587.jpg
2021-03-08 10:48:27.070 [http-nio-8080-exec-7] INFO  com.demo.parking_access.controller.ParkHandover - license:赣FD9688
2021-03-08 10:48:27.199 [http-nio-8080-exec-7] INFO  com.demo.parking_access.controller.ParkHandover - CarEnter->Redis：eN3423NwQ1
2021-03-08 10:48:27.407 [http-nio-8080-exec-10] INFO  com.demo.parking_access.controller.ParkHandover - ---执行查找剩余车位---
2021-03-08 10:48:27.423 [http-nio-8080-exec-10] INFO  com.demo.parking_access.controller.ParkHandover - uuid：eN3423NwQ1
2021-03-08 10:48:28.841 [http-nio-8080-exec-6] INFO  com.demo.parking_access.controller.ParkHandover - {"wuLicense":"","address":"","payTime":0,"openId":"","uuid":"F82870158D4648E185A030EF9E42B2AF","version":0,"parkid":"eN3423NwQ1","orgUuid":"eN3423NwQ1","license":"赣FD9688","picUrl":"http://muyun-park.oss-cn-hangzhou.aliyuncs.com/p31010012/in/2021-03-08/10/蓝色_赣FD9688_20210308104826587.jpg","carType":4,"gateUuid":"ru8j1E9vLC","time":1615171707}
2021-03-08 10:48:28.982 [http-nio-8080-exec-6] INFO  com.demo.parking_access.controller.ParkHandover - 2021-03-08 10:48:28 [billing]-总停车时间：2.777777777777778E-4
2021-03-08 10:48:28.982 [http-nio-8080-exec-6] INFO  com.demo.parking_access.controller.ParkHandover - freeTimeUnit:0
2021-03-08 10:48:28.982 [http-nio-8080-exec-6] INFO  com.demo.parking_access.controller.ParkHandover - 2021-03-08 10:48:28余小时：0
2021-03-08 10:48:28.982 [http-nio-8080-exec-6] INFO  com.demo.parking_access.controller.ParkHandover - 天数金额:0.0
2021-03-08 10:48:28.982 [http-nio-8080-exec-6] INFO  com.demo.parking_access.controller.ParkHandover - 计算分钟:0.016666666666666666
2021-03-08 10:48:28.983 [http-nio-8080-exec-6] INFO  com.demo.parking_access.controller.ParkHandover - 出场小时单位：10
2021-03-08 10:48:28.999 [http-nio-8080-exec-6] INFO  com.demo.parking_access.controller.ParkHandover - feeplanUuid:86A20AD83A414547AEB94DC4EB1B79EEamount:500.0
2021-03-08 10:48:28.999 [http-nio-8080-exec-6] INFO  com.demo.parking_access.controller.ParkHandover - 多余分钟按日间或夜间金额:500.0
2021-03-08 10:48:29.016 [http-nio-8080-exec-6] INFO  com.demo.parking_access.controller.ParkHandover - 经过收费方案的钱:0.0
2021-03-08 10:48:29.016 [http-nio-8080-exec-6] INFO  com.demo.parking_access.controller.ParkHandover - 总金额:500.0不超出一天的金额:500.0不超过一小时的金额:500.0
2021-03-08 10:48:29.167 [http-nio-8080-exec-6] INFO  com.demo.parking_access.controller.ParkHandover - carOut-CarType-4 -> redis时间正常 amount:5.0
2021-03-08 10:48:30.475 [http-nio-8080-exec-8] INFO  com.demo.parking_access.controller.ParkHandover - ---执行查找剩余车位---
2021-03-08 10:48:30.505 [http-nio-8080-exec-8] INFO  com.demo.parking_access.controller.ParkHandover - uuid：eN3423NwQ1
